<?xml version="1.0" encoding="UTF-8"?>
<testsuite xmlns:xsi="http://www.w3.org/2001/XMLSchema-instance" xsi:noNamespaceSchemaLocation="https://maven.apache.org/surefire/maven-surefire-plugin/xsd/surefire-test-report.xsd" name="com.adcc.AppTest" time="0.016" tests="1" errors="0" skipped="0" failures="0">
  <properties>
    <property name="java.specification.version" value="17"/>
    <property name="sun.cpu.isalist" value="amd64"/>
    <property name="sun.jnu.encoding" value="GBK"/>
    <property name="java.class.path" value="d:\GitHub\Java\flightcheck\target\test-classes;d:\GitHub\Java\flightcheck\target\classes;D:\Program Files (x86)\apache-maven-3.9.6\repository\junit\junit\4.11\junit-4.11.jar;D:\Program Files (x86)\apache-maven-3.9.6\repository\org\hamcrest\hamcrest-core\1.3\hamcrest-core-1.3.jar;D:\Program Files (x86)\apache-maven-3.9.6\repository\com\oracle\database\jdbc\ojdbc8\19.3.0.0\ojdbc8-19.3.0.0.jar;D:\Program Files (x86)\apache-maven-3.9.6\repository\com\oracle\database\jdbc\ucp\19.3.0.0\ucp-19.3.0.0.jar;D:\Program Files (x86)\apache-maven-3.9.6\repository\com\oracle\database\security\oraclepki\19.3.0.0\oraclepki-19.3.0.0.jar;D:\Program Files (x86)\apache-maven-3.9.6\repository\com\oracle\database\security\osdt_cert\19.3.0.0\osdt_cert-19.3.0.0.jar;D:\Program Files (x86)\apache-maven-3.9.6\repository\com\oracle\database\security\osdt_core\19.3.0.0\osdt_core-19.3.0.0.jar;D:\Program Files (x86)\apache-maven-3.9.6\repository\com\oracle\database\ha\simplefan\19.3.0.0\simplefan-19.3.0.0.jar;D:\Program Files (x86)\apache-maven-3.9.6\repository\com\oracle\database\ha\ons\19.3.0.0\ons-19.3.0.0.jar;D:\Program Files (x86)\apache-maven-3.9.6\repository\cn\easyproject\orai18n\12.1.0.2.0\orai18n-12.1.0.2.0.jar;"/>
    <property name="java.vm.vendor" value="Oracle Corporation"/>
    <property name="sun.arch.data.model" value="64"/>
    <property name="user.variant" value=""/>
    <property name="java.vendor.url" value="https://java.oracle.com/"/>
    <property name="user.timezone" value="Asia/Shanghai"/>
    <property name="os.name" value="Windows 11"/>
    <property name="java.vm.specification.version" value="17"/>
    <property name="sun.java.launcher" value="SUN_STANDARD"/>
    <property name="user.country" value="CN"/>
    <property name="sun.boot.library.path" value="C:\Program Files\Java\jdk-17\bin"/>
    <property name="sun.java.command" value="C:\Users\LD\AppData\Local\Temp\surefire3671736519995197095\surefirebooter9633265268252279560.jar C:\Users\LD\AppData\Local\Temp\surefire3671736519995197095 2024-06-05T13-10-28_027-jvmRun1 surefire1276673762408968275tmp surefire_05127488972162008278tmp"/>
    <property name="jdk.debug" value="release"/>
    <property name="surefire.test.class.path" value="d:\GitHub\Java\flightcheck\target\test-classes;d:\GitHub\Java\flightcheck\target\classes;D:\Program Files (x86)\apache-maven-3.9.6\repository\junit\junit\4.11\junit-4.11.jar;D:\Program Files (x86)\apache-maven-3.9.6\repository\org\hamcrest\hamcrest-core\1.3\hamcrest-core-1.3.jar;D:\Program Files (x86)\apache-maven-3.9.6\repository\com\oracle\database\jdbc\ojdbc8\19.3.0.0\ojdbc8-19.3.0.0.jar;D:\Program Files (x86)\apache-maven-3.9.6\repository\com\oracle\database\jdbc\ucp\19.3.0.0\ucp-19.3.0.0.jar;D:\Program Files (x86)\apache-maven-3.9.6\repository\com\oracle\database\security\oraclepki\19.3.0.0\oraclepki-19.3.0.0.jar;D:\Program Files (x86)\apache-maven-3.9.6\repository\com\oracle\database\security\osdt_cert\19.3.0.0\osdt_cert-19.3.0.0.jar;D:\Program Files (x86)\apache-maven-3.9.6\repository\com\oracle\database\security\osdt_core\19.3.0.0\osdt_core-19.3.0.0.jar;D:\Program Files (x86)\apache-maven-3.9.6\repository\com\oracle\database\ha\simplefan\19.3.0.0\simplefan-19.3.0.0.jar;D:\Program Files (x86)\apache-maven-3.9.6\repository\com\oracle\database\ha\ons\19.3.0.0\ons-19.3.0.0.jar;D:\Program Files (x86)\apache-maven-3.9.6\repository\cn\easyproject\orai18n\12.1.0.2.0\orai18n-12.1.0.2.0.jar;"/>
    <property name="sun.cpu.endian" value="little"/>
    <property name="user.home" value="C:\Users\LD"/>
    <property name="user.language" value="zh"/>
    <property name="java.specification.vendor" value="Oracle Corporation"/>
    <property name="java.version.date" value="2024-01-16"/>
    <property name="java.home" value="C:\Program Files\Java\jdk-17"/>
    <property name="file.separator" value="\"/>
    <property name="basedir" value="d:\GitHub\Java\flightcheck"/>
    <property name="java.vm.compressedOopsMode" value="Zero based"/>
    <property name="line.separator" value="&#10;"/>
    <property name="java.vm.specification.vendor" value="Oracle Corporation"/>
    <property name="java.specification.name" value="Java Platform API Specification"/>
    <property name="surefire.real.class.path" value="C:\Users\LD\AppData\Local\Temp\surefire3671736519995197095\surefirebooter9633265268252279560.jar"/>
    <property name="user.script" value=""/>
    <property name="sun.management.compiler" value="HotSpot 64-Bit Tiered Compilers"/>
    <property name="java.runtime.version" value="17.0.10+11-LTS-240"/>
    <property name="user.name" value="LD"/>
    <property name="path.separator" value=";"/>
    <property name="os.version" value="10.0"/>
    <property name="java.runtime.name" value="Java(TM) SE Runtime Environment"/>
    <property name="file.encoding" value="UTF-8"/>
    <property name="java.vm.name" value="Java HotSpot(TM) 64-Bit Server VM"/>
    <property name="localRepository" value="D:\Program Files (x86)\apache-maven-3.9.6\repository"/>
    <property name="java.vendor.url.bug" value="https://bugreport.java.com/bugreport/"/>
    <property name="java.io.tmpdir" value="C:\Users\LD\AppData\Local\Temp\"/>
    <property name="java.version" value="17.0.10"/>
    <property name="user.dir" value="d:\GitHub\Java\flightcheck"/>
    <property name="os.arch" value="amd64"/>
    <property name="java.vm.specification.name" value="Java Virtual Machine Specification"/>
    <property name="sun.os.patch.level" value=""/>
    <property name="native.encoding" value="GBK"/>
    <property name="java.library.path" value="C:\Program Files\Java\jdk-17\bin;C:\Windows\Sun\Java\bin;C:\Windows\system32;C:\Windows;C:\Program Files\Common Files\Oracle\Java\javapath;C:\Windows\system32;C:\Windows;C:\Windows\System32\Wbem;C:\Windows\System32\WindowsPowerShell\v1.0\;C:\Windows\System32\OpenSSH\;C:\Program Files\dotnet\;C:\Program Files (x86)\NVIDIA Corporation\PhysX\Common;C:\Program Files\NVIDIA Corporation\NVIDIA NvDLISR;C:\Program Files\Java\jdk-17\bin;D:\anaconda3;D:\anaconda3\Scripts;D:\anaconda3\Library\bin;C:\Program Files\Git\cmd;C:\Program Files (x86)\Common Files\GTK\2.0\bin;D:\Program Files (x86)\apache-maven-3.9.6\bin;C:\Program Files\nodejs\;C:\Users\LD\.cargo\bin;C:\Users\LD\AppData\Local\Microsoft\WindowsApps;C:\Users\LD\AppData\Local\GitHubDesktop\bin;C:\Users\LD\AppData\Local\Programs\Microsoft VS Code\bin;C:\Users\LD\AppData\Roaming\npm;."/>
    <property name="java.vm.info" value="mixed mode, sharing"/>
    <property name="java.vendor" value="Oracle Corporation"/>
    <property name="java.vm.version" value="17.0.10+11-LTS-240"/>
    <property name="sun.io.unicode.encoding" value="UnicodeLittle"/>
    <property name="java.class.version" value="61.0"/>
  </properties>
  <testcase name="shouldAnswerWithTrue" classname="com.adcc.AppTest" time="0.001"/>
</testsuite>